SF:lib\class\pokemon_obj.dart
DA:10,3
DA:17,1
DA:19,4
DA:22,2
DA:23,2
DA:24,4
DA:25,2
DA:27,6
DA:28,2
DA:33,1
DA:34,4
DA:37,2
DA:38,2
DA:39,6
DA:40,2
DA:41,2
DA:49,0
DA:58,0
DA:59,0
DA:60,0
DA:61,0
DA:62,0
DA:66,0
DA:68,0
DA:78,2
DA:90,2
DA:91,2
DA:92,4
DA:93,6
DA:94,6
DA:97,2
DA:98,8
DA:99,8
DA:100,2
DA:101,6
DA:102,6
DA:104,4
DA:105,2
LF:38
LH:30
end_of_record
SF:lib\bloc\pokemon\pokemon_event.dart
DA:10,1
LF:1
LH:1
end_of_record
SF:lib\bloc\pokemon\pokemon_state.dart
DA:13,7
DA:27,1
DA:37,1
DA:38,1
DA:39,0
DA:40,1
DA:41,1
DA:42,1
DA:43,1
DA:44,1
DA:45,1
DA:48,1
DA:50,1
DA:51,2
DA:52,1
DA:53,1
DA:54,1
DA:58,1
DA:59,4
LF:19
LH:18
end_of_record
SF:lib\bloc\pokemon\pokemon_bloc.dart
DA:14,2
DA:16,1
DA:17,1
DA:19,1
DA:20,3
DA:24,1
DA:26,1
DA:27,2
DA:31,1
DA:32,3
DA:33,1
DA:34,3
DA:37,1
DA:38,3
DA:39,1
DA:47,1
DA:48,2
DA:49,1
DA:50,0
DA:51,0
DA:55,0
DA:58,2
DA:62,2
DA:63,2
DA:67,1
DA:68,2
DA:69,1
DA:70,0
DA:71,0
DA:76,2
DA:77,1
LF:31
LH:26
end_of_record
SF:lib\services\response.dart
DA:8,1
DA:12,1
DA:13,1
DA:17,0
LF:4
LH:3
end_of_record
SF:lib\services\usecases\pokemon_usecase.dart
DA:12,1
DA:14,0
DA:16,0
DA:20,0
DA:22,0
LF:5
LH:1
end_of_record
SF:lib\bloc\type_pokemon\type_pokemon_state.dart
DA:9,0
DA:16,0
DA:22,0
DA:23,0
DA:24,0
DA:25,0
DA:26,0
DA:29,0
DA:31,0
DA:32,0
DA:33,0
DA:34,0
LF:12
LH:0
end_of_record
SF:lib\bloc\type_pokemon\type_pokemon_bloc.dart
DA:8,0
DA:9,0
DA:11,0
DA:17,0
LF:4
LH:0
end_of_record
SF:lib\class\type_pokemon.dart
DA:10,0
DA:18,0
DA:20,0
DA:23,0
DA:24,0
DA:25,0
DA:26,0
DA:27,0
DA:28,0
DA:33,0
DA:34,0
DA:35,0
LF:12
LH:0
end_of_record
SF:lib\pages\home.dart
DA:9,3
DA:11,1
DA:12,1
DA:16,0
DA:17,0
DA:20,0
DA:21,0
DA:22,0
DA:25,0
DA:26,0
DA:27,0
DA:30,0
DA:31,0
DA:32,0
DA:35,0
DA:36,0
DA:37,0
DA:40,1
DA:42,1
DA:54,1
DA:55,1
DA:56,1
DA:57,1
DA:58,1
DA:59,1
DA:61,1
DA:64,1
DA:65,1
DA:66,1
DA:67,1
DA:76,1
DA:77,1
DA:78,1
DA:79,1
DA:80,2
DA:87,1
DA:89,1
DA:92,1
DA:96,1
DA:99,1
DA:100,1
DA:101,1
DA:105,1
DA:108,1
DA:109,1
DA:110,1
DA:114,1
DA:117,1
DA:118,1
DA:122,1
DA:123,1
DA:124,1
DA:127,0
DA:158,1
DA:159,1
DA:160,1
DA:161,1
DA:175,3
DA:177,1
DA:179,1
DA:180,1
DA:181,1
DA:182,1
DA:184,1
DA:187,1
DA:188,1
DA:190,1
DA:193,1
DA:196,1
DA:198,1
DA:201,1
DA:207,1
DA:208,1
DA:210,1
DA:211,2
DA:224,4
DA:227,1
DA:229,1
DA:231,1
DA:232,1
DA:233,1
DA:234,1
DA:235,1
DA:237,1
DA:238,1
DA:239,2
DA:240,1
DA:241,1
DA:242,2
DA:248,1
DA:249,1
DA:250,1
DA:252,1
DA:253,1
DA:254,2
DA:255,2
DA:256,1
DA:259,2
DA:262,1
DA:264,1
DA:265,1
DA:266,1
DA:267,1
DA:269,1
DA:274,1
DA:275,2
DA:276,2
DA:277,1
DA:280,2
DA:293,1
DA:295,1
DA:297,1
DA:298,1
DA:299,1
DA:300,1
DA:301,1
DA:303,1
DA:306,1
DA:307,1
DA:308,1
DA:309,1
DA:312,1
DA:313,1
DA:315,1
DA:317,1
DA:321,1
DA:323,1
DA:325,1
DA:332,1
DA:333,1
DA:334,1
DA:336,1
LF:132
LH:117
end_of_record
SF:lib\ui\color_manager.dart
DA:4,3
DA:5,0
DA:7,3
DA:9,0
DA:10,0
DA:11,0
DA:12,3
DA:13,0
DA:14,0
DA:15,0
DA:17,0
DA:18,0
DA:19,0
DA:20,0
DA:21,0
DA:22,0
DA:23,0
DA:24,0
DA:25,0
DA:26,0
DA:27,0
DA:28,0
DA:29,0
DA:30,0
DA:31,0
DA:32,0
DA:33,0
DA:34,0
DA:38,1
DA:39,2
DA:40,2
DA:41,1
DA:43,1
DA:46,3
DA:49,1
DA:50,3
DA:52,1
DA:53,4
DA:55,1
DA:58,1
DA:59,3
DA:61,1
DA:62,4
DA:64,1
LF:44
LH:19
end_of_record
SF:lib\utils\navigation_manager.dart
DA:5,1
DA:11,1
DA:13,1
DA:21,0
DA:27,0
DA:29,0
DA:37,0
DA:43,0
DA:45,0
DA:47,0
DA:51,0
DA:56,0
DA:58,0
DA:62,0
DA:63,0
DA:67,1
DA:72,1
DA:73,1
DA:74,1
DA:75,2
DA:76,3
DA:78,0
DA:82,1
DA:84,3
DA:89,2
DA:90,2
DA:94,0
DA:95,0
DA:98,0
DA:101,0
DA:102,0
DA:105,0
LF:32
LH:13
end_of_record
SF:lib\utils\responsive.dart
DA:8,2
DA:9,2
DA:10,0
DA:11,0
DA:13,1
DA:14,2
DA:15,2
DA:16,2
DA:17,2
DA:18,5
DA:20,3
DA:23,0
DA:25,4
DA:26,4
DA:27,4
LF:15
LH:12
end_of_record
SF:lib\widgets\search_pokemon.dart
DA:7,1
DA:14,1
DA:16,1
DA:18,1
DA:19,1
DA:20,2
DA:23,1
DA:24,1
DA:25,1
DA:30,0
LF:10
LH:9
end_of_record
SF:lib\widgets\water_mark.dart
DA:9,10
DA:16,1
DA:18,1
DA:19,1
DA:21,1
DA:23,1
DA:24,1
DA:25,1
DA:28,2
DA:29,2
DA:30,2
LF:11
LH:11
end_of_record
SF:lib\pages\not_found.dart
DA:4,3
DA:6,0
DA:8,0
DA:9,0
LF:4
LH:1
end_of_record
SF:lib\pages\pokemon\create_pokemon.dart
DA:16,3
DA:18,0
DA:19,0
DA:39,0
DA:41,0
DA:42,0
DA:45,0
DA:46,0
DA:47,0
DA:50,0
DA:51,0
DA:53,0
DA:55,0
DA:60,0
DA:61,0
DA:62,0
DA:66,0
DA:68,0
DA:69,0
DA:70,0
DA:81,0
DA:83,0
DA:85,0
DA:86,0
DA:98,0
DA:99,0
DA:100,0
DA:101,0
DA:102,0
DA:103,0
DA:104,0
DA:107,0
DA:108,0
DA:110,0
DA:111,0
DA:112,0
DA:113,0
DA:116,0
DA:118,0
DA:122,0
DA:123,0
DA:124,0
DA:131,0
DA:133,0
DA:137,0
DA:140,0
DA:142,0
DA:146,0
DA:147,0
DA:148,0
DA:155,0
DA:157,0
DA:158,0
DA:159,0
DA:160,0
DA:162,0
DA:163,0
DA:164,0
DA:165,0
DA:170,0
DA:171,0
DA:172,0
DA:173,0
DA:174,0
DA:176,0
DA:177,0
DA:178,0
DA:179,0
DA:180,0
DA:182,0
DA:183,0
DA:190,0
DA:227,0
DA:233,0
DA:235,0
DA:236,0
DA:240,0
DA:247,0
DA:249,0
DA:250,0
DA:251,0
DA:252,0
DA:253,0
DA:257,0
DA:258,0
DA:259,0
DA:260,0
DA:261,0
DA:262,0
DA:263,0
DA:264,0
DA:265,0
DA:275,0
DA:276,0
DA:278,0
DA:280,0
DA:281,0
DA:282,0
DA:283,0
DA:285,0
DA:290,0
DA:291,0
LF:102
LH:1
end_of_record
SF:lib\widgets\image_picker.dart
DA:15,0
DA:21,0
DA:23,0
DA:24,0
DA:26,0
DA:28,0
DA:34,0
DA:36,0
DA:37,0
DA:38,0
DA:39,0
DA:40,0
DA:41,0
DA:42,0
DA:43,0
DA:45,0
DA:46,0
DA:48,0
DA:51,0
DA:53,0
DA:56,0
DA:57,0
DA:59,0
DA:62,0
DA:65,0
DA:67,0
DA:70,0
DA:77,0
DA:78,0
DA:79,0
DA:80,0
DA:81,0
DA:82,0
DA:84,0
DA:85,0
LF:35
LH:0
end_of_record
SF:lib\widgets\input_custom.dart
DA:27,1
DA:49,1
DA:51,1
DA:53,1
DA:54,0
DA:55,0
DA:60,1
DA:61,1
DA:62,1
DA:63,1
DA:64,1
DA:66,1
DA:67,1
DA:68,1
DA:69,1
DA:70,2
DA:73,1
DA:74,1
DA:75,1
DA:76,1
DA:77,1
DA:78,1
DA:79,0
DA:80,0
DA:81,0
DA:82,0
DA:91,1
DA:95,1
DA:98,1
DA:101,2
DA:103,1
DA:104,1
DA:107,2
DA:110,1
DA:111,2
DA:118,0
DA:121,0
DA:122,0
DA:123,0
LF:39
LH:29
end_of_record
SF:lib\widgets\snack_bar_message.dart
DA:3,0
DA:9,0
DA:10,0
DA:11,0
DA:25,0
LF:5
LH:0
end_of_record
SF:lib\pages\pokemon\details_pokemon.dart
DA:13,3
DA:15,0
DA:17,0
DA:18,0
DA:19,0
DA:22,0
DA:23,0
DA:24,0
DA:32,0
DA:39,0
DA:41,0
DA:42,0
DA:55,0
DA:57,0
DA:58,0
DA:59,0
DA:62,0
DA:63,0
DA:64,0
DA:67,0
DA:69,0
DA:70,0
DA:71,0
DA:76,0
DA:81,0
DA:83,0
DA:84,0
DA:87,0
DA:89,0
DA:90,0
DA:91,0
DA:92,0
DA:93,0
DA:94,0
DA:95,0
DA:96,0
DA:105,0
DA:108,0
DA:111,0
DA:113,0
DA:116,0
DA:124,0
DA:125,0
DA:126,0
DA:127,0
DA:140,0
DA:141,0
DA:142,0
DA:143,0
DA:144,0
DA:145,0
DA:153,0
DA:155,0
DA:156,0
DA:157,0
DA:158,0
DA:159,0
DA:160,0
DA:161,0
DA:162,0
DA:163,0
DA:167,0
DA:168,0
DA:169,0
DA:170,0
DA:171,0
DA:172,0
DA:173,0
DA:174,0
DA:175,0
DA:178,0
DA:182,0
DA:183,0
DA:184,0
DA:186,0
DA:187,0
DA:188,0
DA:192,0
DA:194,0
DA:195,0
DA:208,0
DA:209,0
DA:210,0
DA:211,0
DA:212,0
DA:213,0
DA:214,0
DA:215,0
DA:216,0
DA:224,0
DA:225,0
DA:226,0
DA:227,0
DA:228,0
DA:229,0
DA:231,0
DA:232,0
DA:233,0
DA:248,0
DA:249,0
DA:250,0
DA:251,0
DA:252,0
DA:253,0
DA:254,0
DA:255,0
DA:256,0
DA:257,0
DA:258,0
DA:262,0
DA:273,0
DA:279,0
DA:280,0
DA:281,0
DA:282,0
DA:284,0
DA:285,0
DA:286,0
DA:289,0
DA:290,0
DA:291,0
DA:292,0
DA:294,0
DA:298,0
DA:299,0
DA:300,0
DA:302,0
DA:308,0
DA:311,0
DA:312,0
DA:315,0
DA:316,0
DA:319,0
DA:321,0
DA:323,0
LF:135
LH:1
end_of_record
SF:lib\pages\pokemon\widgets\image_pokemon.dart
DA:7,1
DA:12,1
DA:18,1
DA:20,1
DA:21,2
DA:22,3
DA:25,1
DA:28,1
DA:29,1
DA:30,1
DA:32,0
DA:34,0
DA:35,0
DA:36,0
DA:37,0
DA:38,0
DA:42,0
DA:44,0
DA:46,0
DA:47,0
DA:57,0
DA:58,0
LF:22
LH:10
end_of_record
SF:lib\pages\pokemon\widgets\tag_type_pokemon.dart
DA:18,0
DA:31,0
DA:33,0
DA:34,0
DA:35,0
DA:36,0
DA:37,0
DA:38,0
DA:41,0
DA:42,0
DA:43,0
DA:44,0
DA:45,0
DA:46,0
DA:48,0
DA:49,0
DA:51,0
DA:52,0
DA:53,0
DA:54,0
DA:56,0
DA:57,0
DA:59,0
DA:60,0
DA:61,0
DA:62,0
DA:73,0
DA:74,0
DA:75,0
DA:76,0
DA:77,0
DA:78,0
DA:79,0
DA:81,0
DA:83,0
DA:84,0
DA:86,0
DA:88,0
DA:89,0
DA:90,0
LF:40
LH:0
end_of_record
SF:lib\utils\string_extension.dart
DA:2,1
DA:3,5
LF:2
LH:2
end_of_record
SF:lib\utils\types.dart
DA:8,0
DA:14,0
DA:15,0
DA:16,0
DA:17,0
DA:18,0
DA:19,0
DA:20,0
DA:21,0
DA:22,0
DA:23,0
DA:24,0
DA:25,0
DA:26,0
DA:27,0
DA:28,0
DA:29,0
DA:30,0
DA:31,0
DA:32,0
LF:20
LH:0
end_of_record
SF:lib\pages\pokemon\list_pokemon.dart
DA:13,4
DA:15,1
DA:16,1
DA:20,1
DA:22,1
DA:23,1
DA:26,1
DA:27,1
DA:30,1
DA:31,2
DA:32,2
DA:35,1
DA:37,1
DA:39,1
DA:40,1
DA:44,1
DA:46,1
DA:47,1
DA:52,1
DA:53,1
DA:56,1
DA:57,1
DA:58,1
DA:59,1
DA:60,1
DA:62,1
DA:63,1
DA:64,1
DA:65,1
DA:66,1
DA:67,1
DA:68,0
DA:71,1
DA:72,1
DA:73,1
DA:74,0
DA:75,0
DA:76,0
DA:77,0
DA:80,0
DA:86,1
DA:87,1
DA:88,1
DA:89,1
DA:91,1
DA:94,1
DA:95,1
DA:96,2
DA:97,1
DA:98,1
DA:99,2
DA:106,1
DA:107,1
DA:108,1
DA:109,1
DA:110,1
DA:113,1
DA:114,1
DA:115,1
DA:116,1
DA:117,1
DA:119,1
DA:121,1
DA:125,1
DA:126,1
DA:127,1
DA:128,0
DA:129,1
DA:134,1
DA:135,1
DA:137,1
DA:139,1
DA:143,1
DA:146,1
DA:156,1
DA:157,1
DA:158,1
DA:170,1
DA:171,1
DA:179,1
DA:180,1
DA:181,1
DA:182,2
DA:191,1
DA:192,1
DA:194,1
DA:195,1
DA:198,1
DA:199,1
DA:201,1
LF:90
LH:83
end_of_record
SF:lib\pages\pokemon\widgets\item_pokemon.dart
DA:12,1
DA:17,1
DA:19,1
DA:20,1
DA:21,0
DA:22,0
DA:25,0
DA:28,1
DA:30,1
DA:31,1
DA:36,1
DA:38,1
DA:40,1
DA:49,1
DA:52,1
DA:53,1
DA:56,1
DA:57,1
DA:58,3
DA:60,1
DA:61,1
DA:73,1
DA:74,1
DA:75,1
LF:24
LH:21
end_of_record
SF:lib\widgets\shimmer\grid_shimmer.dart
DA:9,0
DA:14,0
DA:16,0
DA:18,0
DA:19,0
DA:20,0
DA:21,0
DA:22,0
DA:24,0
DA:25,0
DA:27,0
DA:28,0
DA:29,0
DA:30,0
DA:31,0
DA:32,0
DA:33,0
DA:34,0
DA:35,0
DA:37,0
DA:40,0
DA:42,0
DA:44,0
DA:45,0
DA:46,0
DA:47,0
DA:49,0
DA:54,0
DA:56,0
DA:58,0
DA:59,0
DA:60,0
DA:61,0
DA:63,0
DA:68,0
DA:70,0
DA:72,0
DA:73,0
DA:74,0
DA:75,0
DA:77,0
LF:41
LH:0
end_of_record
SF:lib\pages\splash_screen.dart
DA:8,3
DA:10,0
DA:11,0
DA:15,0
DA:17,0
DA:18,0
DA:20,0
DA:24,0
DA:26,0
DA:27,0
DA:28,0
DA:30,0
DA:31,0
DA:36,0
DA:38,0
DA:39,0
DA:41,0
DA:43,0
DA:44,0
DA:45,0
DA:49,0
DA:51,0
DA:53,0
LF:23
LH:1
end_of_record
SF:lib\widgets\icon_container.dart
DA:10,0
DA:17,0
DA:18,0
DA:20,0
DA:22,0
DA:23,0
DA:24,0
DA:25,0
DA:26,0
DA:27,0
DA:28,0
DA:30,0
DA:31,0
DA:38,0
DA:40,0
DA:41,0
DA:42,0
DA:43,0
DA:44,0
DA:45,0
LF:20
LH:0
end_of_record
SF:lib\pages\test.dart
DA:6,3
DA:8,0
DA:9,0
DA:15,0
DA:17,0
DA:18,0
DA:19,0
DA:20,0
DA:21,0
DA:22,0
DA:23,0
DA:24,0
DA:26,0
DA:27,0
DA:29,0
DA:30,0
DA:36,0
DA:37,0
DA:38,0
DA:39,0
DA:40,0
DA:43,0
DA:44,0
DA:48,0
DA:49,0
DA:51,0
DA:52,0
DA:53,0
DA:54,0
DA:55,0
DA:56,0
DA:60,0
LF:32
LH:1
end_of_record
SF:lib\utils\my_colors.dart
DA:4,0
LF:1
LH:0
end_of_record
SF:lib\pages\type_pokemon\list_type_pokemon.dart
DA:10,3
DA:12,0
DA:13,0
DA:17,0
DA:19,0
DA:20,0
DA:23,0
DA:24,0
DA:25,0
DA:28,0
DA:30,0
DA:31,0
DA:32,0
DA:36,0
DA:37,0
DA:38,0
DA:39,0
DA:40,0
DA:41,0
DA:43,0
DA:45,0
DA:46,0
DA:47,0
DA:48,0
DA:49,0
DA:50,0
DA:51,0
DA:54,0
DA:61,0
DA:62,0
DA:64,0
DA:65,0
DA:66,0
DA:69,0
DA:75,0
DA:84,0
DA:85,0
LF:37
LH:1
end_of_record
SF:lib\widgets\shimmer\list_shimmer.dart
DA:9,0
DA:14,0
DA:16,0
DA:18,0
DA:19,0
DA:20,0
DA:21,0
DA:22,0
DA:23,0
DA:24,0
DA:28,0
DA:29,0
DA:30,0
DA:31,0
DA:32,0
DA:33,0
DA:34,0
DA:38,0
DA:39,0
DA:40,0
DA:44,0
DA:45,0
DA:46,0
DA:47,0
DA:48,0
DA:50,0
DA:53,0
DA:54,0
DA:55,0
DA:56,0
DA:57,0
DA:59,0
DA:62,0
DA:63,0
DA:64,0
DA:65,0
DA:66,0
DA:67,0
DA:69,0
DA:72,0
LF:40
LH:0
end_of_record
SF:lib\utils\routes.dart
DA:11,3
DA:12,0
DA:13,1
DA:14,0
DA:15,0
DA:16,0
DA:17,0
DA:18,0
DA:19,0
LF:9
LH:2
end_of_record
